Mock Version: 1.2.7
ENTER do(['bash', '--login', '-c', '/usr/bin/rpmbuild -bs --target x86_64 --nodeps /builddir/build/SPECS/planex.spec'], chrootPath='/var/lib/mock/fedora-21-x86_64-planex-0.6.0-1+s0+0.6.0+239+ga1bde44.el6.noarch.rpm/root'shell=FalseprintOutput=Falseenv={'LANG': 'en_US.UTF-8', 'TERM': 'vt100', 'SHELL': '/bin/bash', 'CCACHE_DIR': '/tmp/ccache', 'HOSTNAME': 'mock', 'PROMPT_COMMAND': 'printf "\x1b]0;<mock-chroot>\x07<mock-chroot>"', 'HOME': '/builddir', 'PATH': '/usr/bin:/bin:/usr/sbin:/sbin', 'CCACHE_UMASK': '002'}gid=135user='mockbuild'timeout=0logger=<mockbuild.trace_decorator.getLog object at 0x2b1d8d74c8d0>uid=2302)
Executing command: ['bash', '--login', '-c', '/usr/bin/rpmbuild -bs --target x86_64 --nodeps /builddir/build/SPECS/planex.spec'] with env {'LANG': 'en_US.UTF-8', 'TERM': 'vt100', 'SHELL': '/bin/bash', 'CCACHE_DIR': '/tmp/ccache', 'HOSTNAME': 'mock', 'PROMPT_COMMAND': 'printf "\x1b]0;<mock-chroot>\x07<mock-chroot>"', 'HOME': '/builddir', 'PATH': '/usr/bin:/bin:/usr/sbin:/sbin', 'CCACHE_UMASK': '002'} and shell False
sh: /usr/bin/python: No such file or directory
sh: /usr/bin/python: No such file or directory
Building target platforms: x86_64
Building for target x86_64
Wrote: /builddir/build/SRPMS/planex-0.6.0-1+s0+0.6.0+239+ga1bde44.fc21.src.rpm
Child return code was: 0
LEAVE do --> 

ENTER do(['bash', '--login', '-c', '/usr/bin/rpmbuild -bb --target x86_64 --nodeps  /builddir/build/SPECS/planex.spec '], chrootPath='/var/lib/mock/fedora-21-x86_64-planex-0.6.0-1+s0+0.6.0+239+ga1bde44.el6.noarch.rpm/root'shell=FalseprintOutput=Falseenv={'LANG': 'en_US.UTF-8', 'TERM': 'vt100', 'SHELL': '/bin/bash', 'CCACHE_DIR': '/tmp/ccache', 'HOSTNAME': 'mock', 'PROMPT_COMMAND': 'printf "\x1b]0;<mock-chroot>\x07<mock-chroot>"', 'HOME': '/builddir', 'PATH': '/usr/bin:/bin:/usr/sbin:/sbin', 'CCACHE_UMASK': '002'}gid=135user='mockbuild'timeout=0logger=<mockbuild.trace_decorator.getLog object at 0x2b1d8d74c8d0>uid=2302)
Executing command: ['bash', '--login', '-c', '/usr/bin/rpmbuild -bb --target x86_64 --nodeps  /builddir/build/SPECS/planex.spec '] with env {'LANG': 'en_US.UTF-8', 'TERM': 'vt100', 'SHELL': '/bin/bash', 'CCACHE_DIR': '/tmp/ccache', 'HOSTNAME': 'mock', 'PROMPT_COMMAND': 'printf "\x1b]0;<mock-chroot>\x07<mock-chroot>"', 'HOME': '/builddir', 'PATH': '/usr/bin:/bin:/usr/sbin:/sbin', 'CCACHE_UMASK': '002'} and shell False
Building target platforms: x86_64
Building for target x86_64
Executing(%prep): /bin/sh -e /var/tmp/rpm-tmp.HZrHQw
+ umask 022
+ cd /builddir/build/BUILD
+ cd /builddir/build/BUILD
+ rm -rf planex-0.6.0
+ /usr/bin/gzip -dc /builddir/build/SOURCES/planex-0.6.0+239+ga1bde44.tar.gz
+ /usr/bin/tar -xf -
+ STATUS=0
+ '[' 0 -ne 0 ']'
+ cd planex-0.6.0
+ /usr/bin/chmod -Rf a+rX,u+w,g-w,o-w .
+ exit 0
Executing(%build): /bin/sh -e /var/tmp/rpm-tmp.ZbOmRS
+ umask 022
+ cd /builddir/build/BUILD
+ cd planex-0.6.0
+ /usr/bin/python setup.py build
running build
running build_py
creating build
creating build/lib
creating build/lib/planex
copying planex/__init__.py -> build/lib/planex
copying planex/depend.py -> build/lib/planex
copying planex/util.py -> build/lib/planex
copying planex/spec.py -> build/lib/planex
copying planex/debianrules.py -> build/lib/planex
copying planex/cache.py -> build/lib/planex
copying planex/tree.py -> build/lib/planex
copying planex/pin.py -> build/lib/planex
copying planex/debianchangelog.py -> build/lib/planex
copying planex/mappkgname.py -> build/lib/planex
copying planex/makedeb.py -> build/lib/planex
copying planex/fetch.py -> build/lib/planex
copying planex/debianmisc.py -> build/lib/planex
copying planex/rpmextra.py -> build/lib/planex
copying planex/debiancontrol.py -> build/lib/planex
copying planex/init.py -> build/lib/planex
running egg_info
creating planex.egg-info
writing planex.egg-info/PKG-INFO
writing top-level names to planex.egg-info/top_level.txt
writing dependency_links to planex.egg-info/dependency_links.txt
writing entry points to planex.egg-info/entry_points.txt
writing manifest file 'planex.egg-info/SOURCES.txt'
reading manifest file 'planex.egg-info/SOURCES.txt'
writing manifest file 'planex.egg-info/SOURCES.txt'
copying planex/Makefile.rules -> build/lib/planex
+ exit 0
Executing(%install): /bin/sh -e /var/tmp/rpm-tmp.mA9gdf
+ umask 022
+ cd /builddir/build/BUILD
+ '[' /builddir/build/BUILDROOT/planex-0.6.0-1+s0+0.6.0+239+ga1bde44.fc21.x86_64 '!=' / ']'
+ rm -rf /builddir/build/BUILDROOT/planex-0.6.0-1+s0+0.6.0+239+ga1bde44.fc21.x86_64
++ dirname /builddir/build/BUILDROOT/planex-0.6.0-1+s0+0.6.0+239+ga1bde44.fc21.x86_64
+ mkdir -p /builddir/build/BUILDROOT
+ mkdir /builddir/build/BUILDROOT/planex-0.6.0-1+s0+0.6.0+239+ga1bde44.fc21.x86_64
+ cd planex-0.6.0
+ /usr/bin/python setup.py install --single-version-externally-managed -O1 --root=/builddir/build/BUILDROOT/planex-0.6.0-1+s0+0.6.0+239+ga1bde44.fc21.x86_64 --record=INSTALLED_FILES
running install
running build
running build_py
running egg_info
writing planex.egg-info/PKG-INFO
writing top-level names to planex.egg-info/top_level.txt
writing dependency_links to planex.egg-info/dependency_links.txt
writing entry points to planex.egg-info/entry_points.txt
reading manifest file 'planex.egg-info/SOURCES.txt'
writing manifest file 'planex.egg-info/SOURCES.txt'
running install_lib
creating /builddir/build/BUILDROOT/planex-0.6.0-1+s0+0.6.0+239+ga1bde44.fc21.x86_64/usr
creating /builddir/build/BUILDROOT/planex-0.6.0-1+s0+0.6.0+239+ga1bde44.fc21.x86_64/usr/lib
creating /builddir/build/BUILDROOT/planex-0.6.0-1+s0+0.6.0+239+ga1bde44.fc21.x86_64/usr/lib/python2.7
creating /builddir/build/BUILDROOT/planex-0.6.0-1+s0+0.6.0+239+ga1bde44.fc21.x86_64/usr/lib/python2.7/site-packages
creating /builddir/build/BUILDROOT/planex-0.6.0-1+s0+0.6.0+239+ga1bde44.fc21.x86_64/usr/lib/python2.7/site-packages/planex
copying build/lib/planex/__init__.py -> /builddir/build/BUILDROOT/planex-0.6.0-1+s0+0.6.0+239+ga1bde44.fc21.x86_64/usr/lib/python2.7/site-packages/planex
copying build/lib/planex/depend.py -> /builddir/build/BUILDROOT/planex-0.6.0-1+s0+0.6.0+239+ga1bde44.fc21.x86_64/usr/lib/python2.7/site-packages/planex
copying build/lib/planex/util.py -> /builddir/build/BUILDROOT/planex-0.6.0-1+s0+0.6.0+239+ga1bde44.fc21.x86_64/usr/lib/python2.7/site-packages/planex
copying build/lib/planex/spec.py -> /builddir/build/BUILDROOT/planex-0.6.0-1+s0+0.6.0+239+ga1bde44.fc21.x86_64/usr/lib/python2.7/site-packages/planex
copying build/lib/planex/debianrules.py -> /builddir/build/BUILDROOT/planex-0.6.0-1+s0+0.6.0+239+ga1bde44.fc21.x86_64/usr/lib/python2.7/site-packages/planex
copying build/lib/planex/cache.py -> /builddir/build/BUILDROOT/planex-0.6.0-1+s0+0.6.0+239+ga1bde44.fc21.x86_64/usr/lib/python2.7/site-packages/planex
copying build/lib/planex/tree.py -> /builddir/build/BUILDROOT/planex-0.6.0-1+s0+0.6.0+239+ga1bde44.fc21.x86_64/usr/lib/python2.7/site-packages/planex
copying build/lib/planex/pin.py -> /builddir/build/BUILDROOT/planex-0.6.0-1+s0+0.6.0+239+ga1bde44.fc21.x86_64/usr/lib/python2.7/site-packages/planex
copying build/lib/planex/Makefile.rules -> /builddir/build/BUILDROOT/planex-0.6.0-1+s0+0.6.0+239+ga1bde44.fc21.x86_64/usr/lib/python2.7/site-packages/planex
copying build/lib/planex/debianchangelog.py -> /builddir/build/BUILDROOT/planex-0.6.0-1+s0+0.6.0+239+ga1bde44.fc21.x86_64/usr/lib/python2.7/site-packages/planex
copying build/lib/planex/mappkgname.py -> /builddir/build/BUILDROOT/planex-0.6.0-1+s0+0.6.0+239+ga1bde44.fc21.x86_64/usr/lib/python2.7/site-packages/planex
copying build/lib/planex/makedeb.py -> /builddir/build/BUILDROOT/planex-0.6.0-1+s0+0.6.0+239+ga1bde44.fc21.x86_64/usr/lib/python2.7/site-packages/planex
copying build/lib/planex/fetch.py -> /builddir/build/BUILDROOT/planex-0.6.0-1+s0+0.6.0+239+ga1bde44.fc21.x86_64/usr/lib/python2.7/site-packages/planex
copying build/lib/planex/debianmisc.py -> /builddir/build/BUILDROOT/planex-0.6.0-1+s0+0.6.0+239+ga1bde44.fc21.x86_64/usr/lib/python2.7/site-packages/planex
copying build/lib/planex/rpmextra.py -> /builddir/build/BUILDROOT/planex-0.6.0-1+s0+0.6.0+239+ga1bde44.fc21.x86_64/usr/lib/python2.7/site-packages/planex
copying build/lib/planex/debiancontrol.py -> /builddir/build/BUILDROOT/planex-0.6.0-1+s0+0.6.0+239+ga1bde44.fc21.x86_64/usr/lib/python2.7/site-packages/planex
copying build/lib/planex/init.py -> /builddir/build/BUILDROOT/planex-0.6.0-1+s0+0.6.0+239+ga1bde44.fc21.x86_64/usr/lib/python2.7/site-packages/planex
byte-compiling /builddir/build/BUILDROOT/planex-0.6.0-1+s0+0.6.0+239+ga1bde44.fc21.x86_64/usr/lib/python2.7/site-packages/planex/__init__.py to __init__.pyc
byte-compiling /builddir/build/BUILDROOT/planex-0.6.0-1+s0+0.6.0+239+ga1bde44.fc21.x86_64/usr/lib/python2.7/site-packages/planex/depend.py to depend.pyc
byte-compiling /builddir/build/BUILDROOT/planex-0.6.0-1+s0+0.6.0+239+ga1bde44.fc21.x86_64/usr/lib/python2.7/site-packages/planex/util.py to util.pyc
byte-compiling /builddir/build/BUILDROOT/planex-0.6.0-1+s0+0.6.0+239+ga1bde44.fc21.x86_64/usr/lib/python2.7/site-packages/planex/spec.py to spec.pyc
byte-compiling /builddir/build/BUILDROOT/planex-0.6.0-1+s0+0.6.0+239+ga1bde44.fc21.x86_64/usr/lib/python2.7/site-packages/planex/debianrules.py to debianrules.pyc
byte-compiling /builddir/build/BUILDROOT/planex-0.6.0-1+s0+0.6.0+239+ga1bde44.fc21.x86_64/usr/lib/python2.7/site-packages/planex/cache.py to cache.pyc
byte-compiling /builddir/build/BUILDROOT/planex-0.6.0-1+s0+0.6.0+239+ga1bde44.fc21.x86_64/usr/lib/python2.7/site-packages/planex/tree.py to tree.pyc
byte-compiling /builddir/build/BUILDROOT/planex-0.6.0-1+s0+0.6.0+239+ga1bde44.fc21.x86_64/usr/lib/python2.7/site-packages/planex/pin.py to pin.pyc
byte-compiling /builddir/build/BUILDROOT/planex-0.6.0-1+s0+0.6.0+239+ga1bde44.fc21.x86_64/usr/lib/python2.7/site-packages/planex/debianchangelog.py to debianchangelog.pyc
byte-compiling /builddir/build/BUILDROOT/planex-0.6.0-1+s0+0.6.0+239+ga1bde44.fc21.x86_64/usr/lib/python2.7/site-packages/planex/mappkgname.py to mappkgname.pyc
byte-compiling /builddir/build/BUILDROOT/planex-0.6.0-1+s0+0.6.0+239+ga1bde44.fc21.x86_64/usr/lib/python2.7/site-packages/planex/makedeb.py to makedeb.pyc
byte-compiling /builddir/build/BUILDROOT/planex-0.6.0-1+s0+0.6.0+239+ga1bde44.fc21.x86_64/usr/lib/python2.7/site-packages/planex/fetch.py to fetch.pyc
byte-compiling /builddir/build/BUILDROOT/planex-0.6.0-1+s0+0.6.0+239+ga1bde44.fc21.x86_64/usr/lib/python2.7/site-packages/planex/debianmisc.py to debianmisc.pyc
byte-compiling /builddir/build/BUILDROOT/planex-0.6.0-1+s0+0.6.0+239+ga1bde44.fc21.x86_64/usr/lib/python2.7/site-packages/planex/rpmextra.py to rpmextra.pyc
byte-compiling /builddir/build/BUILDROOT/planex-0.6.0-1+s0+0.6.0+239+ga1bde44.fc21.x86_64/usr/lib/python2.7/site-packages/planex/debiancontrol.py to debiancontrol.pyc
byte-compiling /builddir/build/BUILDROOT/planex-0.6.0-1+s0+0.6.0+239+ga1bde44.fc21.x86_64/usr/lib/python2.7/site-packages/planex/init.py to init.pyc
writing byte-compilation script '/tmp/tmp3HKP5J.py'
/usr/bin/python -O /tmp/tmp3HKP5J.py
removing /tmp/tmp3HKP5J.py
running install_data
creating /builddir/build/BUILDROOT/planex-0.6.0-1+s0+0.6.0+239+ga1bde44.fc21.x86_64/usr/share
creating /builddir/build/BUILDROOT/planex-0.6.0-1+s0+0.6.0+239+ga1bde44.fc21.x86_64/usr/share/planex
copying planex/Makefile.rules -> /builddir/build/BUILDROOT/planex-0.6.0-1+s0+0.6.0+239+ga1bde44.fc21.x86_64/usr/share/planex
creating /builddir/build/BUILDROOT/planex-0.6.0-1+s0+0.6.0+239+ga1bde44.fc21.x86_64/etc
creating /builddir/build/BUILDROOT/planex-0.6.0-1+s0+0.6.0+239+ga1bde44.fc21.x86_64/etc/bash_completion.d
copying planex/planex.bash -> /builddir/build/BUILDROOT/planex-0.6.0-1+s0+0.6.0+239+ga1bde44.fc21.x86_64/etc/bash_completion.d/
running install_egg_info
Copying planex.egg-info to /builddir/build/BUILDROOT/planex-0.6.0-1+s0+0.6.0+239+ga1bde44.fc21.x86_64/usr/lib/python2.7/site-packages/planex-0.6.0-py2.7.egg-info
running install_scripts
Installing planex-pin script to /builddir/build/BUILDROOT/planex-0.6.0-1+s0+0.6.0+239+ga1bde44.fc21.x86_64/usr/bin
Installing planex-fetch script to /builddir/build/BUILDROOT/planex-0.6.0-1+s0+0.6.0+239+ga1bde44.fc21.x86_64/usr/bin
Installing planex-init script to /builddir/build/BUILDROOT/planex-0.6.0-1+s0+0.6.0+239+ga1bde44.fc21.x86_64/usr/bin
Installing planex-depend script to /builddir/build/BUILDROOT/planex-0.6.0-1+s0+0.6.0+239+ga1bde44.fc21.x86_64/usr/bin
Installing planex-makedeb script to /builddir/build/BUILDROOT/planex-0.6.0-1+s0+0.6.0+239+ga1bde44.fc21.x86_64/usr/bin
Installing planex-cache script to /builddir/build/BUILDROOT/planex-0.6.0-1+s0+0.6.0+239+ga1bde44.fc21.x86_64/usr/bin
writing list of installed files to 'INSTALLED_FILES'
+ /usr/lib/rpm/find-debuginfo.sh --strict-build-id -m --run-dwz --dwz-low-mem-die-limit 10000000 --dwz-max-die-limit 110000000 /builddir/build/BUILD/planex-0.6.0
/usr/lib/rpm/sepdebugcrcfix: Updated 0 CRC32s, 0 CRC32s did match.
find: 'debug': No such file or directory
+ /usr/lib/rpm/check-buildroot
+ /usr/lib/rpm/brp-compress
+ /usr/lib/rpm/brp-strip-static-archive /usr/bin/strip
+ /usr/lib/rpm/brp-python-bytecompile /usr/bin/python 1
Bytecompiling .py files below /builddir/build/BUILDROOT/planex-0.6.0-1+s0+0.6.0+239+ga1bde44.fc21.x86_64/usr/lib/python2.7 using /usr/bin/python2.7
+ /usr/lib/rpm/brp-python-hardlink
+ /usr/lib/rpm/redhat/brp-java-repack-jars
Processing files: planex-0.6.0-1+s0+0.6.0+239+ga1bde44.fc21.noarch
Executing(%doc): /bin/sh -e /var/tmp/rpm-tmp.owKT0C
+ umask 022
+ cd /builddir/build/BUILD
+ cd planex-0.6.0
+ DOCDIR=/builddir/build/BUILDROOT/planex-0.6.0-1+s0+0.6.0+239+ga1bde44.fc21.x86_64/usr/share/doc/planex
+ export DOCDIR
+ /usr/bin/mkdir -p /builddir/build/BUILDROOT/planex-0.6.0-1+s0+0.6.0+239+ga1bde44.fc21.x86_64/usr/share/doc/planex
+ cp -pr README.md /builddir/build/BUILDROOT/planex-0.6.0-1+s0+0.6.0+239+ga1bde44.fc21.x86_64/usr/share/doc/planex
+ cp -pr LICENSE /builddir/build/BUILDROOT/planex-0.6.0-1+s0+0.6.0+239+ga1bde44.fc21.x86_64/usr/share/doc/planex
+ cp -pr CHANGES /builddir/build/BUILDROOT/planex-0.6.0-1+s0+0.6.0+239+ga1bde44.fc21.x86_64/usr/share/doc/planex
+ exit 0
Provides: config(planex) = 0.6.0-1+s0+0.6.0+239+ga1bde44.fc21 planex = 0.6.0-1+s0+0.6.0+239+ga1bde44.fc21
Requires(rpmlib): rpmlib(CompressedFileNames) <= 3.0.4-1 rpmlib(FileDigests) <= 4.6.0-1 rpmlib(PartialHardlinkSets) <= 4.0.4-1 rpmlib(PayloadFilesHavePrefix) <= 4.0-1
Requires: /usr/bin/python python(abi) = 2.7
Checking for unpackaged file(s): /usr/lib/rpm/check-files /builddir/build/BUILDROOT/planex-0.6.0-1+s0+0.6.0+239+ga1bde44.fc21.x86_64
Wrote: /builddir/build/RPMS/planex-0.6.0-1+s0+0.6.0+239+ga1bde44.fc21.noarch.rpm
Executing(%clean): /bin/sh -e /var/tmp/rpm-tmp.xNw781
+ umask 022
+ cd /builddir/build/BUILD
+ cd planex-0.6.0
+ /usr/bin/rm -rf /builddir/build/BUILDROOT/planex-0.6.0-1+s0+0.6.0+239+ga1bde44.fc21.x86_64
+ exit 0
Child return code was: 0
LEAVE do --> 

